<?xml version="1.0" encoding="UTF-8"?>
<testsuite xmlns:xsi="http://www.w3.org/2001/XMLSchema-instance" xsi:noNamespaceSchemaLocation="https://maven.apache.org/surefire/maven-surefire-plugin/xsd/surefire-test-report.xsd" name="com.mse.forum.ForumApplicationTests" time="34.366" tests="1" errors="1" skipped="0" failures="0">
  <properties>
[...]
</properties>
  <testcase name="testTopics" classname="com.mse.forum.ForumApplicationTests" time="0.276">
    <error message="Header value must not be null" type="java.lang.IllegalArgumentException">java.lang.IllegalArgumentException: Header value must not be null
	at com.mse.forum.ForumApplicationTests.testTopics(ForumApplicationTests.java:38)
</error>
    <system-out><![CDATA[01:39:31.303 [main] DEBUG org.springframework.test.context.junit4.SpringJUnit4ClassRunner - SpringJUnit4ClassRunner constructor called with [class com.mse.forum.ForumApplicationTests]
01:39:31.314 [main] DEBUG org.springframework.test.context.BootstrapUtils - Instantiating CacheAwareContextLoaderDelegate from class [org.springframework.test.context.cache.DefaultCacheAwareContextLoaderDelegate]
01:39:31.335 [main] DEBUG org.springframework.test.context.BootstrapUtils - Instantiating BootstrapContext using constructor [public org.springframework.test.context.support.DefaultBootstrapContext(java.lang.Class,org.springframework.test.context.CacheAwareContextLoaderDelegate)]
01:39:31.393 [main] DEBUG org.springframework.test.context.BootstrapUtils - Instantiating TestContextBootstrapper for test class [com.mse.forum.ForumApplicationTests] from class [org.springframework.boot.test.context.SpringBootTestContextBootstrapper]
01:39:31.465 [main] INFO org.springframework.boot.test.context.SpringBootTestContextBootstrapper - Neither @ContextConfiguration nor @ContextHierarchy found for test class [com.mse.forum.ForumApplicationTests], using SpringBootContextLoader
01:39:31.481 [main] DEBUG org.springframework.test.context.support.AbstractContextLoader - Did not detect default resource location for test class [com.mse.forum.ForumApplicationTests]: class path resource [com/mse/forum/ForumApplicationTests-context.xml] does not exist
01:39:31.486 [main] DEBUG org.springframework.test.context.support.AbstractContextLoader - Did not detect default resource location for test class [com.mse.forum.ForumApplicationTests]: class path resource [com/mse/forum/ForumApplicationTestsContext.groovy] does not exist
01:39:31.487 [main] INFO org.springframework.test.context.support.AbstractContextLoader - Could not detect default resource locations for test class [com.mse.forum.ForumApplicationTests]: no resource found for suffixes {-context.xml, Context.groovy}.
01:39:31.489 [main] INFO org.springframework.test.context.support.AnnotationConfigContextLoaderUtils - Could not detect default configuration classes for test class [com.mse.forum.ForumApplicationTests]: ForumApplicationTests does not declare any static, non-private, non-final, nested classes annotated with @Configuration.
01:39:31.933 [main] DEBUG org.springframework.context.annotation.ClassPathScanningCandidateComponentProvider - Identified candidate component class: file [C:\Users\Asus\Downloads\forum_backend-master\target\classes\com\mse\forum\ForumApplication.class]
01:39:31.937 [main] INFO org.springframework.boot.test.context.SpringBootTestContextBootstrapper - Found @SpringBootConfiguration com.mse.forum.ForumApplication for test class com.mse.forum.ForumApplicationTests
01:39:32.194 [main] DEBUG org.springframework.boot.test.context.SpringBootTestContextBootstrapper - @TestExecutionListeners is not present for class [com.mse.forum.ForumApplicationTests]: using defaults.
01:39:32.198 [main] INFO org.springframework.boot.test.context.SpringBootTestContextBootstrapper - Loaded default TestExecutionListener class names from location [META-INF/spring.factories]: [org.springframework.boot.test.mock.mockito.MockitoTestExecutionListener, org.springframework.boot.test.mock.mockito.ResetMocksTestExecutionListener, org.springframework.boot.test.autoconfigure.restdocs.RestDocsTestExecutionListener, org.springframework.boot.test.autoconfigure.web.client.MockRestServiceServerResetTestExecutionListener, org.springframework.boot.test.autoconfigure.web.servlet.MockMvcPrintOnlyOnFailureTestExecutionListener, org.springframework.boot.test.autoconfigure.web.servlet.WebDriverTestExecutionListener, org.springframework.test.context.web.ServletTestExecutionListener, org.springframework.test.context.support.DirtiesContextBeforeModesTestExecutionListener, org.springframework.test.context.support.DependencyInjectionTestExecutionListener, org.springframework.test.context.support.DirtiesContextTestExecutionListener, org.springframework.test.context.transaction.TransactionalTestExecutionListener, org.springframework.test.context.jdbc.SqlScriptsTestExecutionListener, org.springframework.security.test.context.support.WithSecurityContextTestExecutionListener, org.springframework.security.test.context.support.ReactorContextTestExecutionListener]
01:39:32.323 [main] INFO org.springframework.boot.test.context.SpringBootTestContextBootstrapper - Using TestExecutionListeners: [org.springframework.test.context.web.ServletTestExecutionListener@7c9d8e2, org.springframework.test.context.support.DirtiesContextBeforeModesTestExecutionListener@20d525, org.springframework.boot.test.mock.mockito.MockitoTestExecutionListener@6200f9cb, org.springframework.boot.test.autoconfigure.SpringBootDependencyInjectionTestExecutionListener@2002fc1d, org.springframework.test.context.support.DirtiesContextTestExecutionListener@69453e37, org.springframework.test.context.transaction.TransactionalTestExecutionListener@6f4a47c7, org.springframework.test.context.jdbc.SqlScriptsTestExecutionListener@ae13544, org.springframework.security.test.context.support.WithSecurityContextTestExecutionListener@3d34d211, org.springframework.security.test.context.support.ReactorContextTestExecutionListener@7dc0f706, org.springframework.boot.test.mock.mockito.ResetMocksTestExecutionListener@4009e306, org.springframework.boot.test.autoconfigure.restdocs.RestDocsTestExecutionListener@43c1b556, org.springframework.boot.test.autoconfigure.web.client.MockRestServiceServerResetTestExecutionListener@587e5365, org.springframework.boot.test.autoconfigure.web.servlet.MockMvcPrintOnlyOnFailureTestExecutionListener@22fcf7ab, org.springframework.boot.test.autoconfigure.web.servlet.WebDriverTestExecutionListener@2de23121]
01:39:32.339 [main] DEBUG org.springframework.test.annotation.ProfileValueUtils - Retrieved @ProfileValueSourceConfiguration [null] for test class [com.mse.forum.ForumApplicationTests]
01:39:32.343 [main] DEBUG org.springframework.test.annotation.ProfileValueUtils - Retrieved ProfileValueSource type [class org.springframework.test.annotation.SystemProfileValueSource] for class [com.mse.forum.ForumApplicationTests]
01:39:32.352 [main] DEBUG org.springframework.test.annotation.ProfileValueUtils - Retrieved @ProfileValueSourceConfiguration [null] for test class [com.mse.forum.ForumApplicationTests]
01:39:32.354 [main] DEBUG org.springframework.test.annotation.ProfileValueUtils - Retrieved ProfileValueSource type [class org.springframework.test.annotation.SystemProfileValueSource] for class [com.mse.forum.ForumApplicationTests]
01:39:32.361 [main] DEBUG org.springframework.test.annotation.ProfileValueUtils - Retrieved @ProfileValueSourceConfiguration [null] for test class [com.mse.forum.ForumApplicationTests]
01:39:32.363 [main] DEBUG org.springframework.test.annotation.ProfileValueUtils - Retrieved ProfileValueSource type [class org.springframework.test.annotation.SystemProfileValueSource] for class [com.mse.forum.ForumApplicationTests]
01:39:32.405 [main] DEBUG org.springframework.test.context.support.AbstractDirtiesContextTestExecutionListener - Before test class: context [DefaultTestContext@7ee8290b testClass = ForumApplicationTests, testInstance = [null], testMethod = [null], testException = [null], mergedContextConfiguration = [WebMergedContextConfiguration@1f59a598 testClass = ForumApplicationTests, locations = '{}', classes = '{class com.mse.forum.ForumApplication}', contextInitializerClasses = '[]', activeProfiles = '{test}', propertySourceLocations = '{}', propertySourceProperties = '{org.springframework.boot.test.context.SpringBootTestContextBootstrapper=true}', contextCustomizers = set[[ImportsContextCustomizer@1e178745 key = [org.springframework.boot.test.autoconfigure.web.servlet.MockMvcAutoConfiguration, org.springframework.boot.test.autoconfigure.web.servlet.MockMvcSecurityAutoConfiguration, org.springframework.boot.test.autoconfigure.web.servlet.MockMvcWebClientAutoConfiguration, org.springframework.boot.test.autoconfigure.web.servlet.MockMvcWebDriverAutoConfiguration]], org.springframework.boot.test.context.filter.ExcludeFilterContextCustomizer@101df177, org.springframework.boot.test.json.DuplicateJsonObjectContextCustomizerFactory$DuplicateJsonObjectContextCustomizer@276438c9, org.springframework.boot.test.mock.mockito.MockitoContextCustomizer@0, org.springframework.boot.test.web.client.TestRestTemplateContextCustomizer@33cb5951, org.springframework.boot.test.autoconfigure.properties.PropertyMappingContextCustomizer@e7e8512, org.springframework.boot.test.autoconfigure.web.servlet.WebDriverContextCustomizerFactory$Customizer@25359ed8], resourceBasePath = 'src/main/webapp', contextLoader = 'org.springframework.boot.test.context.SpringBootContextLoader', parent = [null]], attributes = map['org.springframework.test.context.web.ServletTestExecutionListener.activateListener' -> true]], class annotated with @DirtiesContext [false] with mode [null].
01:39:32.436 [main] DEBUG org.springframework.test.annotation.ProfileValueUtils - Retrieved @ProfileValueSourceConfiguration [null] for test class [com.mse.forum.ForumApplicationTests]
01:39:32.436 [main] DEBUG org.springframework.test.annotation.ProfileValueUtils - Retrieved ProfileValueSource type [class org.springframework.test.annotation.SystemProfileValueSource] for class [com.mse.forum.ForumApplicationTests]
01:39:32.538 [main] DEBUG org.springframework.test.context.support.TestPropertySourceUtils - Adding inlined properties to environment: {spring.jmx.enabled=false, org.springframework.boot.test.context.SpringBootTestContextBootstrapper=true, server.port=-1}
2019-06-22 01:39:35.981  INFO 28072 --- [           main] trationDelegate$BeanPostProcessorChecker : Bean 'org.springframework.cloud.autoconfigure.ConfigurationPropertiesRebinderAutoConfiguration' of type [org.springframework.cloud.autoconfigure.ConfigurationPropertiesRebinderAutoConfiguration$$EnhancerBySpringCGLIB$$ea8e2dbd] is not eligible for getting processed by all BeanPostProcessors (for example: not eligible for auto-proxying)

  .   ____          _            __ _ _
 /\\ / ___'_ __ _ _(_)_ __  __ _ \ \ \ \
( ( )\___ | '_ | '_| | '_ \/ _` | \ \ \ \
 \\/  ___)| |_)| | | | | || (_| |  ) ) ) )
  '  |____| .__|_| |_|_| |_\__, | / / / /
 =========|_|==============|___/=/_/_/_/
 :: Spring Boot ::        (v2.1.3.RELEASE)

2019-06-22 01:39:37.849  INFO 28072 --- [           main] com.mse.forum.ForumApplicationTests      : The following profiles are active: test
2019-06-22 01:39:40.673  INFO 28072 --- [           main] .s.d.r.c.RepositoryConfigurationDelegate : Bootstrapping Spring Data repositories in DEFAULT mode.
2019-06-22 01:39:40.927  INFO 28072 --- [           main] .s.d.r.c.RepositoryConfigurationDelegate : Finished Spring Data repository scanning in 237ms. Found 3 repository interfaces.
2019-06-22 01:39:42.180  INFO 28072 --- [           main] o.s.cloud.context.scope.GenericScope     : BeanFactory id=be37a167-61ef-36d5-9ca5-5181696f9617
2019-06-22 01:39:43.082  INFO 28072 --- [           main] trationDelegate$BeanPostProcessorChecker : Bean 'org.springframework.transaction.annotation.ProxyTransactionManagementConfiguration' of type [org.springframework.transaction.annotation.ProxyTransactionManagementConfiguration$$EnhancerBySpringCGLIB$$ce742ac0] is not eligible for getting processed by all BeanPostProcessors (for example: not eligible for auto-proxying)
2019-06-22 01:39:43.383  INFO 28072 --- [           main] trationDelegate$BeanPostProcessorChecker : Bean 'org.springframework.security.config.annotation.configuration.ObjectPostProcessorConfiguration' of type [org.springframework.security.config.annotation.configuration.ObjectPostProcessorConfiguration$$EnhancerBySpringCGLIB$$6721f2fa] is not eligible for getting processed by all BeanPostProcessors (for example: not eligible for auto-proxying)
2019-06-22 01:39:43.479  INFO 28072 --- [           main] trationDelegate$BeanPostProcessorChecker : Bean 'objectPostProcessor' of type [org.springframework.security.config.annotation.configuration.AutowireBeanFactoryObjectPostProcessor] is not eligible for getting processed by all BeanPostProcessors (for example: not eligible for auto-proxying)
2019-06-22 01:39:43.504  INFO 28072 --- [           main] trationDelegate$BeanPostProcessorChecker : Bean 'org.springframework.security.access.expression.method.DefaultMethodSecurityExpressionHandler@551e4c6d' of type [org.springframework.security.oauth2.provider.expression.OAuth2MethodSecurityExpressionHandler] is not eligible for getting processed by all BeanPostProcessors (for example: not eligible for auto-proxying)
2019-06-22 01:39:43.546  INFO 28072 --- [           main] trationDelegate$BeanPostProcessorChecker : Bean 'methodSecurityConfiguration' of type [com.mse.forum.security.MethodSecurityConfiguration$$EnhancerBySpringCGLIB$$de419015] is not eligible for getting processed by all BeanPostProcessors (for example: not eligible for auto-proxying)
2019-06-22 01:39:43.621  INFO 28072 --- [           main] trationDelegate$BeanPostProcessorChecker : Bean 'org.springframework.security.config.annotation.method.configuration.Jsr250MetadataSourceConfiguration' of type [org.springframework.security.config.annotation.method.configuration.Jsr250MetadataSourceConfiguration$$EnhancerBySpringCGLIB$$b14badc2] is not eligible for getting processed by all BeanPostProcessors (for example: not eligible for auto-proxying)
2019-06-22 01:39:43.668  INFO 28072 --- [           main] trationDelegate$BeanPostProcessorChecker : Bean 'jsr250MethodSecurityMetadataSource' of type [org.springframework.security.access.annotation.Jsr250MethodSecurityMetadataSource] is not eligible for getting processed by all BeanPostProcessors (for example: not eligible for auto-proxying)
2019-06-22 01:39:43.695  INFO 28072 --- [           main] trationDelegate$BeanPostProcessorChecker : Bean 'methodSecurityMetadataSource' of type [org.springframework.security.access.method.DelegatingMethodSecurityMetadataSource] is not eligible for getting processed by all BeanPostProcessors (for example: not eligible for auto-proxying)
2019-06-22 01:39:43.819  INFO 28072 --- [           main] trationDelegate$BeanPostProcessorChecker : Bean 'org.springframework.cloud.autoconfigure.ConfigurationPropertiesRebinderAutoConfiguration' of type [org.springframework.cloud.autoconfigure.ConfigurationPropertiesRebinderAutoConfiguration$$EnhancerBySpringCGLIB$$ea8e2dbd] is not eligible for getting processed by all BeanPostProcessors (for example: not eligible for auto-proxying)
2019-06-22 01:39:44.378  INFO 28072 --- [           main] o.f.c.internal.license.VersionPrinter    : Flyway Community Edition 5.2.4 by Boxfuse
2019-06-22 01:39:44.630  INFO 28072 --- [           main] com.zaxxer.hikari.HikariDataSource       : HikariPool-1 - Starting...
2019-06-22 01:39:45.254  INFO 28072 --- [           main] com.zaxxer.hikari.HikariDataSource       : HikariPool-1 - Start completed.
2019-06-22 01:39:45.264  INFO 28072 --- [           main] o.f.c.internal.database.DatabaseFactory  : Database: jdbc:h2:file:~/test-db (H2 1.4)
2019-06-22 01:39:45.487  INFO 28072 --- [           main] o.f.core.internal.command.DbValidate     : Successfully validated 1 migration (execution time 00:00.063s)
2019-06-22 01:39:45.528  INFO 28072 --- [           main] o.f.core.internal.command.DbMigrate      : Current version of schema "PUBLIC": 1
2019-06-22 01:39:45.529  INFO 28072 --- [           main] o.f.core.internal.command.DbMigrate      : Schema "PUBLIC" is up to date. No migration necessary.
2019-06-22 01:39:46.275  INFO 28072 --- [           main] o.hibernate.jpa.internal.util.LogHelper  : HHH000204: Processing PersistenceUnitInfo [
	name: default
	...]
2019-06-22 01:39:46.540  INFO 28072 --- [           main] org.hibernate.Version                    : HHH000412: Hibernate Core {5.3.7.Final}
2019-06-22 01:39:46.544  INFO 28072 --- [           main] org.hibernate.cfg.Environment            : HHH000206: hibernate.properties not found
2019-06-22 01:39:47.005  INFO 28072 --- [           main] o.hibernate.annotations.common.Version   : HCANN000001: Hibernate Commons Annotations {5.0.4.Final}
2019-06-22 01:39:48.404  INFO 28072 --- [           main] org.hibernate.dialect.Dialect            : HHH000400: Using dialect: org.hibernate.dialect.H2Dialect
2019-06-22 01:39:50.757  INFO 28072 --- [           main] o.h.t.schema.internal.SchemaCreatorImpl  : HHH000476: Executing import script 'org.hibernate.tool.schema.internal.exec.ScriptSourceInputNonExistentImpl@644947ee'
2019-06-22 01:39:50.764  INFO 28072 --- [           main] j.LocalContainerEntityManagerFactoryBean : Initialized JPA EntityManagerFactory for persistence unit 'default'
2019-06-22 01:39:55.469  INFO 28072 --- [           main] o.s.s.web.DefaultSecurityFilterChain     : Creating filter chain: Ant [pattern='/h2/**'], []
2019-06-22 01:39:55.470  INFO 28072 --- [           main] o.s.s.web.DefaultSecurityFilterChain     : Creating filter chain: Ant [pattern='/users/create**'], []
2019-06-22 01:39:55.472  INFO 28072 --- [           main] o.s.s.web.DefaultSecurityFilterChain     : Creating filter chain: Ant [pattern='/**', OPTIONS], []
2019-06-22 01:39:56.089  INFO 28072 --- [           main] o.s.s.web.DefaultSecurityFilterChain     : Creating filter chain: OrRequestMatcher [requestMatchers=[Ant [pattern='/oauth/token'], Ant [pattern='/oauth/token_key'], Ant [pattern='/oauth/check_token']]], [org.springframework.security.web.context.request.async.WebAsyncManagerIntegrationFilter@5807ea46, org.springframework.security.web.context.SecurityContextPersistenceFilter@7d90764a, org.springframework.security.web.header.HeaderWriterFilter@45451333, org.springframework.security.web.authentication.logout.LogoutFilter@54e18a46, org.springframework.security.web.authentication.www.BasicAuthenticationFilter@4e14d520, org.springframework.security.web.savedrequest.RequestCacheAwareFilter@147375b3, org.springframework.security.web.servletapi.SecurityContextHolderAwareRequestFilter@69944a90, org.springframework.security.web.authentication.AnonymousAuthenticationFilter@305289b3, org.springframework.security.web.session.SessionManagementFilter@3855b27e, org.springframework.security.web.access.ExceptionTranslationFilter@19213a74, org.springframework.security.web.access.intercept.FilterSecurityInterceptor@4247093b]
2019-06-22 01:39:56.174  INFO 28072 --- [           main] o.s.s.web.DefaultSecurityFilterChain     : Creating filter chain: org.springframework.security.oauth2.config.annotation.web.configuration.ResourceServerConfiguration$NotOAuthRequestMatcher@ba87c11, [org.springframework.security.web.context.request.async.WebAsyncManagerIntegrationFilter@17d19538, org.springframework.security.web.context.SecurityContextPersistenceFilter@12d35bc9, org.springframework.security.web.header.HeaderWriterFilter@3b77940f, org.springframework.security.web.authentication.logout.LogoutFilter@5a8656a2, org.springframework.security.oauth2.provider.authentication.OAuth2AuthenticationProcessingFilter@77f529a6, org.springframework.security.web.savedrequest.RequestCacheAwareFilter@1df32c09, org.springframework.security.web.servletapi.SecurityContextHolderAwareRequestFilter@1aa31454, org.springframework.security.web.authentication.AnonymousAuthenticationFilter@6068cda1, org.springframework.security.web.session.SessionManagementFilter@4c418496, org.springframework.security.web.access.ExceptionTranslationFilter@45f95ac0, org.springframework.security.web.access.intercept.FilterSecurityInterceptor@5e2b512b]
2019-06-22 01:39:56.212  INFO 28072 --- [           main] o.s.s.web.DefaultSecurityFilterChain     : Creating filter chain: any request, [org.springframework.security.web.context.request.async.WebAsyncManagerIntegrationFilter@2ff8d39b, org.springframework.security.web.context.SecurityContextPersistenceFilter@7b423f90, org.springframework.security.web.header.HeaderWriterFilter@4258106, org.springframework.security.web.authentication.logout.LogoutFilter@113c4ad6, org.springframework.security.web.savedrequest.RequestCacheAwareFilter@24f3fb87, org.springframework.security.web.servletapi.SecurityContextHolderAwareRequestFilter@c7673ae, org.springframework.security.web.authentication.AnonymousAuthenticationFilter@684a802a, org.springframework.security.web.session.SessionManagementFilter@64ef2719, org.springframework.security.web.access.ExceptionTranslationFilter@5cc075da, org.springframework.security.web.access.intercept.FilterSecurityInterceptor@2de7fe0e]
2019-06-22 01:39:58.267  INFO 28072 --- [           main] o.s.s.concurrent.ThreadPoolTaskExecutor  : Initializing ExecutorService 'applicationTaskExecutor'
2019-06-22 01:39:58.450  WARN 28072 --- [           main] aWebConfiguration$JpaWebMvcConfiguration : spring.jpa.open-in-view is enabled by default. Therefore, database queries may be performed during view rendering. Explicitly configure spring.jpa.open-in-view to disable this warning
2019-06-22 01:40:02.242  INFO 28072 --- [           main] o.s.b.a.e.web.EndpointLinksResolver      : Exposing 2 endpoint(s) beneath base path '/actuator'
2019-06-22 01:40:02.881  INFO 28072 --- [           main] o.s.b.t.m.w.SpringBootMockServletContext : Initializing Spring TestDispatcherServlet ''
2019-06-22 01:40:02.882  INFO 28072 --- [           main] o.s.t.web.servlet.TestDispatcherServlet  : Initializing Servlet ''
2019-06-22 01:40:02.929  INFO 28072 --- [           main] o.s.t.web.servlet.TestDispatcherServlet  : Completed initialization in 46 ms
2019-06-22 01:40:04.825  INFO 28072 --- [           main] com.mse.forum.ForumApplicationTests      : Started ForumApplicationTests in 32.261 seconds (JVM running for 34.767)
]]></system-out>
  </testcase>
</testsuite>